<?xml version="1.0" encoding="UTF-8"?>
<testsuite name="com.salted.exam.ExamApplicationTests" tests="1" skipped="0" failures="0" errors="0" timestamp="2024-07-04T02:15:29" hostname="LFIT" time="0.402">
  <properties/>
  <testcase name="contextLoads()" classname="com.salted.exam.ExamApplicationTests" time="0.402"/>
  <system-out><![CDATA[11:15:26.436 [Test worker] INFO org.springframework.test.context.support.AnnotationConfigContextLoaderUtils -- Could not detect default configuration classes for test class [com.salted.exam.ExamApplicationTests]: ExamApplicationTests does not declare any static, non-private, non-final, nested classes annotated with @Configuration.
11:15:26.503 [Test worker] INFO org.springframework.boot.test.context.SpringBootTestContextBootstrapper -- Found @SpringBootConfiguration com.salted.exam.ExamApplication for test class com.salted.exam.ExamApplicationTests

  .   ____          _            __ _ _
 /\\ / ___'_ __ _ _(_)_ __  __ _ \ \ \ \
( ( )\___ | '_ | '_| | '_ \/ _` | \ \ \ \
 \\/  ___)| |_)| | | | | || (_| |  ) ) ) )
  '  |____| .__|_| |_|_| |_\__, | / / / /
 =========|_|==============|___/=/_/_/_/

 :: Spring Boot ::                (v3.3.1)

2024-07-04T11:15:26.798+09:00  INFO 5700 --- [    Test worker] com.salted.exam.ExamApplicationTests     : Starting ExamApplicationTests using Java 17.0.9 with PID 5700 (started by arkim in D:\Dev\workspaces\SpringBoot\exam)
2024-07-04T11:15:26.799+09:00  INFO 5700 --- [    Test worker] com.salted.exam.ExamApplicationTests     : No active profile set, falling back to 1 default profile: "default"
2024-07-04T11:15:27.192+09:00  INFO 5700 --- [    Test worker] .s.d.r.c.RepositoryConfigurationDelegate : Bootstrapping Spring Data JPA repositories in DEFAULT mode.
2024-07-04T11:15:27.214+09:00  INFO 5700 --- [    Test worker] .s.d.r.c.RepositoryConfigurationDelegate : Finished Spring Data repository scanning in 13 ms. Found 0 JPA repository interfaces.
2024-07-04T11:15:27.548+09:00  INFO 5700 --- [    Test worker] o.hibernate.jpa.internal.util.LogHelper  : HHH000204: Processing PersistenceUnitInfo [name: default]
2024-07-04T11:15:27.589+09:00  INFO 5700 --- [    Test worker] org.hibernate.Version                    : HHH000412: Hibernate ORM core version 6.5.2.Final
2024-07-04T11:15:27.616+09:00  INFO 5700 --- [    Test worker] o.h.c.internal.RegionFactoryInitiator    : HHH000026: Second-level cache disabled
2024-07-04T11:15:27.808+09:00  INFO 5700 --- [    Test worker] o.s.o.j.p.SpringPersistenceUnitInfo      : No LoadTimeWeaver setup: ignoring JPA class transformer
2024-07-04T11:15:27.825+09:00  INFO 5700 --- [    Test worker] com.zaxxer.hikari.HikariDataSource       : HikariPool-1 - Starting...
2024-07-04T11:15:28.065+09:00  INFO 5700 --- [    Test worker] com.zaxxer.hikari.pool.HikariPool        : HikariPool-1 - Added connection com.mysql.cj.jdbc.ConnectionImpl@4c8d45cf
2024-07-04T11:15:28.069+09:00  INFO 5700 --- [    Test worker] com.zaxxer.hikari.HikariDataSource       : HikariPool-1 - Start completed.
2024-07-04T11:15:28.299+09:00  INFO 5700 --- [    Test worker] o.h.e.t.j.p.i.JtaPlatformInitiator       : HHH000489: No JTA platform available (set 'hibernate.transaction.jta.platform' to enable JTA platform integration)
2024-07-04T11:15:28.302+09:00  INFO 5700 --- [    Test worker] j.LocalContainerEntityManagerFactoryBean : Initialized JPA EntityManagerFactory for persistence unit 'default'
2024-07-04T11:15:28.435+09:00  WARN 5700 --- [    Test worker] JpaBaseConfiguration$JpaWebConfiguration : spring.jpa.open-in-view is enabled by default. Therefore, database queries may be performed during view rendering. Explicitly configure spring.jpa.open-in-view to disable this warning
2024-07-04T11:15:29.049+09:00  INFO 5700 --- [    Test worker] com.salted.exam.ExamApplicationTests     : Started ExamApplicationTests in 2.403 seconds (process running for 3.303)
]]></system-out>
  <system-err><![CDATA[]]></system-err>
</testsuite>
